# JRE version: OpenJDK Runtime Environment (8.0_242-b01) (build 1.8.0_242-release-1644-b01)
# Java VM: OpenJDK 64-Bit Server VM (25.242-b01 mixed mode windows-amd64 compressed oops)
Heap:
 PSYoungGen      total 353280K, used 107081K [0x00000000e0000000, 0x00000000fe280000, 0x0000000100000000)
  eden space 312832K, 21% used [0x00000000e0000000,0x00000000e41183d0,0x00000000f3180000)
  from space 40448K, 99% used [0x00000000f3180000,0x00000000f58fa368,0x00000000f5900000)
  to   space 58368K, 0% used [0x00000000fa980000,0x00000000fa980000,0x00000000fe280000)
 ParOldGen       total 225280K, used 88941K [0x00000000a0000000, 0x00000000adc00000, 0x00000000e0000000)
  object space 225280K, 39% used [0x00000000a0000000,0x00000000a56db410,0x00000000adc00000)
 Metaspace       used 81799K, capacity 85320K, committed 85592K, reserved 1122304K
  class space    used 11005K, capacity 11773K, committed 11864K, reserved 1048576K
GC Heap History (10 events):
Event: 14.489 GC heap before
{Heap before GC invocations=12 (full 2):
 PSYoungGen      total 237568K, used 231936K [0x00000000e0000000, 0x00000000f3a80000, 0x0000000100000000)
  eden space 216064K, 97% used [0x00000000e0000000,0x00000000eceb15f8,0x00000000ed300000)
  from space 21504K, 94% used [0x00000000ed300000,0x00000000ee6cea88,0x00000000ee800000)
  to   space 24064K, 0% used [0x00000000f2300000,0x00000000f2300000,0x00000000f3a80000)
 ParOldGen       total 155648K, used 22673K [0x00000000a0000000, 0x00000000a9800000, 0x00000000e0000000)
  object space 155648K, 14% used [0x00000000a0000000,0x00000000a16244a0,0x00000000a9800000)
 Metaspace       used 57434K, capacity 58972K, committed 59096K, reserved 1099776K
  class space    used 7653K, capacity 8084K, committed 8152K, reserved 1048576K
Event: 14.502 GC heap after
Heap after GC invocations=12 (full 2):
 PSYoungGen      total 286720K, used 17869K [0x00000000e0000000, 0x00000000f3580000, 0x0000000100000000)
  eden space 267776K, 0% used [0x00000000e0000000,0x00000000e0000000,0x00000000f0580000)
  from space 18944K, 94% used [0x00000000f2300000,0x00000000f3473638,0x00000000f3580000)
  to   space 24576K, 0% used [0x00000000f0580000,0x00000000f0580000,0x00000000f1d80000)
 ParOldGen       total 155648K, used 22681K [0x00000000a0000000, 0x00000000a9800000, 0x00000000e0000000)
  object space 155648K, 14% used [0x00000000a0000000,0x00000000a16264a0,0x00000000a9800000)
 Metaspace       used 57434K, capacity 58972K, committed 59096K, reserved 1099776K
  class space    used 7653K, capacity 8084K, committed 8152K, reserved 1048576K
}
Event: 14.502 GC heap before
{Heap before GC invocations=13 (full 3):
 PSYoungGen      total 286720K, used 17869K [0x00000000e0000000, 0x00000000f3580000, 0x0000000100000000)
  eden space 267776K, 0% used [0x00000000e0000000,0x00000000e0000000,0x00000000f0580000)
  from space 18944K, 94% used [0x00000000f2300000,0x00000000f3473638,0x00000000f3580000)
  to   space 24576K, 0% used [0x00000000f0580000,0x00000000f0580000,0x00000000f1d80000)
 ParOldGen       total 155648K, used 22681K [0x00000000a0000000, 0x00000000a9800000, 0x00000000e0000000)
  object space 155648K, 14% used [0x00000000a0000000,0x00000000a16264a0,0x00000000a9800000)
 Metaspace       used 57434K, capacity 58972K, committed 59096K, reserved 1099776K
  class space    used 7653K, capacity 8084K, committed 8152K, reserved 1048576K
Event: 14.710 GC heap after
Heap after GC invocations=13 (full 3):
 PSYoungGen      total 286720K, used 0K [0x00000000e0000000, 0x00000000f3580000, 0x0000000100000000)
  eden space 267776K, 0% used [0x00000000e0000000,0x00000000e0000000,0x00000000f0580000)
  from space 18944K, 0% used [0x00000000f2300000,0x00000000f2300000,0x00000000f3580000)
  to   space 24576K, 0% used [0x00000000f0580000,0x00000000f0580000,0x00000000f1d80000)
 ParOldGen       total 225280K, used 32218K [0x00000000a0000000, 0x00000000adc00000, 0x00000000e0000000)
  object space 225280K, 14% used [0x00000000a0000000,0x00000000a1f76b80,0x00000000adc00000)
 Metaspace       used 57388K, capacity 58816K, committed 59096K, reserved 1099776K
  class space    used 7639K, capacity 8058K, committed 8152K, reserved 1048576K
}
Event: 18.571 GC heap before
{Heap before GC invocations=14 (full 3):
 PSYoungGen      total 286720K, used 267776K [0x00000000e0000000, 0x00000000f3580000, 0x0000000100000000)
  eden space 267776K, 100% used [0x00000000e0000000,0x00000000f0580000,0x00000000f0580000)
  from space 18944K, 0% used [0x00000000f2300000,0x00000000f2300000,0x00000000f3580000)
  to   space 24576K, 0% used [0x00000000f0580000,0x00000000f0580000,0x00000000f1d80000)
 ParOldGen       total 225280K, used 32218K [0x00000000a0000000, 0x00000000adc00000, 0x00000000e0000000)
  object space 225280K, 14% used [0x00000000a0000000,0x00000000a1f76b80,0x00000000adc00000)
 Metaspace       used 69288K, capacity 71670K, committed 71896K, reserved 1112064K
  class space    used 9297K, capacity 9865K, committed 9944K, reserved 1048576K
Event: 18.593 GC heap after
Heap after GC invocations=14 (full 3):
 PSYoungGen      total 292352K, used 24561K [0x00000000e0000000, 0x00000000f7580000, 0x0000000100000000)
  eden space 267776K, 0% used [0x00000000e0000000,0x00000000e0000000,0x00000000f0580000)
  from space 24576K, 99% used [0x00000000f0580000,0x00000000f1d7c7b0,0x00000000f1d80000)
  to   space 29184K, 0% used [0x00000000f5900000,0x00000000f5900000,0x00000000f7580000)
 ParOldGen       total 225280K, used 36508K [0x00000000a0000000, 0x00000000adc00000, 0x00000000e0000000)
  object space 225280K, 16% used [0x00000000a0000000,0x00000000a23a7258,0x00000000adc00000)
 Metaspace       used 69288K, capacity 71670K, committed 71896K, reserved 1112064K
  class space    used 9297K, capacity 9865K, committed 9944K, reserved 1048576K
}
Event: 20.339 GC heap before
{Heap before GC invocations=15 (full 3):
 PSYoungGen      total 292352K, used 292337K [0x00000000e0000000, 0x00000000f7580000, 0x0000000100000000)
  eden space 267776K, 100% used [0x00000000e0000000,0x00000000f0580000,0x00000000f0580000)
  from space 24576K, 99% used [0x00000000f0580000,0x00000000f1d7c7b0,0x00000000f1d80000)
  to   space 29184K, 0% used [0x00000000f5900000,0x00000000f5900000,0x00000000f7580000)
 ParOldGen       total 225280K, used 36508K [0x00000000a0000000, 0x00000000adc00000, 0x00000000e0000000)
  object space 225280K, 16% used [0x00000000a0000000,0x00000000a23a7258,0x00000000adc00000)
 Metaspace       used 74308K, capacity 77694K, committed 77912K, reserved 1116160K
  class space    used 10017K, capacity 10737K, committed 10840K, reserved 1048576K
Event: 20.374 GC heap after
Heap after GC invocations=15 (full 3):
 PSYoungGen      total 342016K, used 29156K [0x00000000e0000000, 0x00000000f9100000, 0x0000000100000000)
  eden space 312832K, 0% used [0x00000000e0000000,0x00000000e0000000,0x00000000f3180000)
  from space 29184K, 99% used [0x00000000f5900000,0x00000000f7579118,0x00000000f7580000)
  to   space 40448K, 0% used [0x00000000f3180000,0x00000000f3180000,0x00000000f5900000)
 ParOldGen       total 225280K, used 55969K [0x00000000a0000000, 0x00000000adc00000, 0x00000000e0000000)
  object space 225280K, 24% used [0x00000000a0000000,0x00000000a36a8428,0x00000000adc00000)
 Metaspace       used 74308K, capacity 77694K, committed 77912K, reserved 1116160K
  class space    used 10017K, capacity 10737K, committed 10840K, reserved 1048576K
}
Event: 28.927 GC heap before
{Heap before GC invocations=16 (full 3):
 PSYoungGen      total 342016K, used 341988K [0x00000000e0000000, 0x00000000f9100000, 0x0000000100000000)
  eden space 312832K, 100% used [0x00000000e0000000,0x00000000f3180000,0x00000000f3180000)
  from space 29184K, 99% used [0x00000000f5900000,0x00000000f7579118,0x00000000f7580000)
  to   space 40448K, 0% used [0x00000000f3180000,0x00000000f3180000,0x00000000f5900000)
 ParOldGen       total 225280K, used 55969K [0x00000000a0000000, 0x00000000adc00000, 0x00000000e0000000)
  object space 225280K, 24% used [0x00000000a0000000,0x00000000a36a8428,0x00000000adc00000)
 Metaspace       used 81665K, capacity 85184K, committed 85336K, reserved 1122304K
  class space    used 10992K, capacity 11771K, committed 11864K, reserved 1048576K
Event: 28.966 GC heap after
Heap after GC invocations=16 (full 3):
 PSYoungGen      total 353280K, used 40424K [0x00000000e0000000, 0x00000000fe280000, 0x0000000100000000)
  eden space 312832K, 0% used [0x00000000e0000000,0x00000000e0000000,0x00000000f3180000)
  from space 40448K, 99% used [0x00000000f3180000,0x00000000f58fa368,0x00000000f5900000)
  to   space 58368K, 0% used [0x00000000fa980000,0x00000000fa980000,0x00000000fe280000)
 ParOldGen       total 225280K, used 88941K [0x00000000a0000000, 0x00000000adc00000, 0x00000000e0000000)
  object space 225280K, 39% used [0x00000000a0000000,0x00000000a56db410,0x00000000adc00000)
 Metaspace       used 81665K, capacity 85184K, committed 85336K, reserved 1122304K
  class space    used 10992K, capacity 11771K, committed 11864K, reserved 1048576K
}

